Build started 21/11/2014 4:24:46 AM.
     1>Project "C:\Users\Jeff\Documents\GitHub\Game-Platform\Game Platform\Game Platform.vcxproj" on node 2 (Build target(s)).
     1>ClCompile:
         C:\Program Files (x86)\Microsoft Visual Studio 11.0\VC\bin\x86_amd64\CL.exe /c /I.\ /Zi /nologo /W3 /WX- /O2 /Oi /GL /D SFML_STATIC /D WIN32 /D NDEBUG /D _CONSOLE /D _UNICODE /D UNICODE /Gm- /EHsc /MD /GS /Gy /fp:precise /Zc:wchar_t /Zc:forScope /Fo"x64\Release\\" /Fd"x64\Release\vc110.pdb" /Gd /TP /errorReport:prompt EntityManager.cpp GameloopManager.cpp HudManager.cpp LevelManager.cpp Player.cpp main.cpp
         EntityManager.cpp
         GameloopManager.cpp
         HudManager.cpp
         LevelManager.cpp
         Player.cpp
         main.cpp
       Link:
         C:\Program Files (x86)\Microsoft Visual Studio 11.0\VC\bin\x86_amd64\link.exe /ERRORREPORT:PROMPT /OUT:"C:\Users\Jeff\Documents\GitHub\Game-Platform\x64\Release\Game Platform.exe" /INCREMENTAL:NO /NOLOGO /LIBPATH:".\lib\VS 11\Release" Box2D.lib "sfml-audio-s.lib" "sfml-graphics-s.lib" "sfml-window-s.lib" "sfml-system-s.lib" kernel32.lib user32.lib gdi32.lib winspool.lib comdlg32.lib advapi32.lib shell32.lib ole32.lib oleaut32.lib uuid.lib odbc32.lib odbccp32.lib /MANIFEST /MANIFESTUAC:"level='asInvoker' uiAccess='false'" /manifest:embed /DEBUG /PDB:"C:\Users\Jeff\Documents\GitHub\Game-Platform\x64\Release\Game Platform.pdb" /SUBSYSTEM:CONSOLE /OPT:REF /OPT:ICF /LTCG /TLBID:1 /DYNAMICBASE /NXCOMPAT /IMPLIB:"C:\Users\Jeff\Documents\GitHub\Game-Platform\x64\Release\Game Platform.lib" /MACHINE:X64 x64\Release\CameraManager.obj
         x64\Release\Cell.obj
         x64\Release\Consumable.obj
         x64\Release\ConsumableManager.obj
         x64\Release\Enemy.obj
         x64\Release\Entity.obj
         x64\Release\EntityManager.obj
         x64\Release\GameloopManager.obj
         x64\Release\HudManager.obj
         x64\Release\LevelManager.obj
         x64\Release\Material.obj
         x64\Release\ObjectManager.obj
         x64\Release\Box.obj
         x64\Release\Circle.obj
         x64\Release\Convert.obj
         x64\Release\FileManager.obj
         x64\Release\InputManager.obj
         x64\Release\main.obj
         x64\Release\Object.obj
         x64\Release\Player.obj
         x64\Release\TextureManager.obj
         Generating code
         Finished generating code
         Game Platform.vcxproj -> C:\Users\Jeff\Documents\GitHub\Game-Platform\x64\Release\Game Platform.exe
     1>Done Building Project "C:\Users\Jeff\Documents\GitHub\Game-Platform\Game Platform\Game Platform.vcxproj" (Build target(s)).

Build succeeded.

Time Elapsed 00:00:06.98
