C:\USERS\JEFF\DOCUMENTS\GITHUB\GAME-PLATFORM\GAME PLATFORM\X64\DEBUG\BASIC.OBJ
C:\USERS\JEFF\DOCUMENTS\GITHUB\GAME-PLATFORM\GAME PLATFORM\X64\DEBUG\BOX.OBJ
C:\USERS\JEFF\DOCUMENTS\GITHUB\GAME-PLATFORM\GAME PLATFORM\X64\DEBUG\CIRCLE.OBJ
C:\USERS\JEFF\DOCUMENTS\GITHUB\GAME-PLATFORM\GAME PLATFORM\X64\DEBUG\INPUTMANAGER.OBJ
C:\USERS\JEFF\DOCUMENTS\GITHUB\GAME-PLATFORM\GAME PLATFORM\X64\DEBUG\MAIN.OBJ
C:\USERS\JEFF\DOCUMENTS\GITHUB\GAME-PLATFORM\GAME PLATFORM\X64\DEBUG\MOVEMENT.OBJ
C:\USERS\JEFF\DOCUMENTS\GITHUB\GAME-PLATFORM\GAME PLATFORM\X64\DEBUG\OBJECT.OBJ
C:\USERS\JEFF\DOCUMENTS\GITHUB\GAME-PLATFORM\GAME PLATFORM\X64\DEBUG\VC110.PDB
C:\USERS\JEFF\DOCUMENTS\GITHUB\GAME-PLATFORM\GAME PLATFORM\X64\DEBUG\PLAYER.OBJ
C:\USERS\JEFF\DOCUMENTS\GITHUB\GAME-PLATFORM\GAME PLATFORM\X64\DEBUG\CONVERT.OBJ
C:\USERS\JEFF\DOCUMENTS\GITHUB\GAME-PLATFORM\GAME PLATFORM\X64\DEBUG\FILEMANAGER.OBJ
C:\USERS\JEFF\DOCUMENTS\GITHUB\GAME-PLATFORM\GAME PLATFORM\X64\DEBUG\TEXTUREMANAGER.OBJ
C:\USERS\JEFF\DOCUMENTS\GITHUB\GAME-PLATFORM\GAME PLATFORM\X64\DEBUG\BODYMANAGER.OBJ
C:\USERS\JEFF\DOCUMENTS\GITHUB\GAME-PLATFORM\GAME PLATFORM\X64\DEBUG\OBJECTMANAGER.OBJ
C:\USERS\JEFF\DOCUMENTS\GITHUB\GAME-PLATFORM\X64\DEBUG\GAME PLATFORM.ILK
C:\USERS\JEFF\DOCUMENTS\GITHUB\GAME-PLATFORM\X64\DEBUG\GAME PLATFORM.EXE
C:\USERS\JEFF\DOCUMENTS\GITHUB\GAME-PLATFORM\X64\DEBUG\GAME PLATFORM.PDB
C:\Users\Jeff\Documents\GitHub\Game-Platform\Game Platform\x64\Debug\Basic.obj
C:\Users\Jeff\Documents\GitHub\Game-Platform\Game Platform\x64\Debug\BodyManager.obj
C:\Users\Jeff\Documents\GitHub\Game-Platform\Game Platform\x64\Debug\Box.obj
C:\Users\Jeff\Documents\GitHub\Game-Platform\Game Platform\x64\Debug\Circle.obj
C:\Users\Jeff\Documents\GitHub\Game-Platform\Game Platform\x64\Debug\Convert.obj
C:\Users\Jeff\Documents\GitHub\Game-Platform\Game Platform\x64\Debug\FileManager.obj
C:\Users\Jeff\Documents\GitHub\Game-Platform\Game Platform\x64\Debug\InputManager.obj
C:\Users\Jeff\Documents\GitHub\Game-Platform\Game Platform\x64\Debug\main.obj
C:\Users\Jeff\Documents\GitHub\Game-Platform\Game Platform\x64\Debug\Movement.obj
C:\Users\Jeff\Documents\GitHub\Game-Platform\Game Platform\x64\Debug\Object.obj
C:\Users\Jeff\Documents\GitHub\Game-Platform\Game Platform\x64\Debug\ObjectManager.obj
C:\Users\Jeff\Documents\GitHub\Game-Platform\Game Platform\x64\Debug\Player.obj
C:\Users\Jeff\Documents\GitHub\Game-Platform\Game Platform\x64\Debug\TextureManager.obj
C:\Users\Jeff\Documents\GitHub\Game-Platform\Game Platform\x64\Debug\cl.command.1.tlog
C:\Users\Jeff\Documents\GitHub\Game-Platform\Game Platform\x64\Debug\CL.read.1.tlog
C:\Users\Jeff\Documents\GitHub\Game-Platform\Game Platform\x64\Debug\CL.write.1.tlog
C:\Users\Jeff\Documents\GitHub\Game-Platform\Game Platform\x64\Debug\link-cvtres.read.1.tlog
C:\Users\Jeff\Documents\GitHub\Game-Platform\Game Platform\x64\Debug\link-cvtres.write.1.tlog
C:\Users\Jeff\Documents\GitHub\Game-Platform\Game Platform\x64\Debug\link-rc.read.1.tlog
C:\Users\Jeff\Documents\GitHub\Game-Platform\Game Platform\x64\Debug\link-rc.write.1.tlog
C:\Users\Jeff\Documents\GitHub\Game-Platform\Game Platform\x64\Debug\link.10052-cvtres.read.1.tlog
C:\Users\Jeff\Documents\GitHub\Game-Platform\Game Platform\x64\Debug\link.10052-cvtres.write.1.tlog
C:\Users\Jeff\Documents\GitHub\Game-Platform\Game Platform\x64\Debug\link.10052-rc.read.1.tlog
C:\Users\Jeff\Documents\GitHub\Game-Platform\Game Platform\x64\Debug\link.10052-rc.write.1.tlog
C:\Users\Jeff\Documents\GitHub\Game-Platform\Game Platform\x64\Debug\link.10052.read.1.tlog
C:\Users\Jeff\Documents\GitHub\Game-Platform\Game Platform\x64\Debug\link.10052.read.2.tlog
C:\Users\Jeff\Documents\GitHub\Game-Platform\Game Platform\x64\Debug\link.10052.write.1.tlog
C:\Users\Jeff\Documents\GitHub\Game-Platform\Game Platform\x64\Debug\link.11128-cvtres.read.1.tlog
C:\Users\Jeff\Documents\GitHub\Game-Platform\Game Platform\x64\Debug\link.11128-cvtres.write.1.tlog
C:\Users\Jeff\Documents\GitHub\Game-Platform\Game Platform\x64\Debug\link.11128-rc.read.1.tlog
C:\Users\Jeff\Documents\GitHub\Game-Platform\Game Platform\x64\Debug\link.11128-rc.write.1.tlog
C:\Users\Jeff\Documents\GitHub\Game-Platform\Game Platform\x64\Debug\link.11128.read.1.tlog
C:\Users\Jeff\Documents\GitHub\Game-Platform\Game Platform\x64\Debug\link.11128.read.2.tlog
C:\Users\Jeff\Documents\GitHub\Game-Platform\Game Platform\x64\Debug\link.11128.write.1.tlog
C:\Users\Jeff\Documents\GitHub\Game-Platform\Game Platform\x64\Debug\link.11536-cvtres.read.1.tlog
C:\Users\Jeff\Documents\GitHub\Game-Platform\Game Platform\x64\Debug\link.11536-cvtres.write.1.tlog
C:\Users\Jeff\Documents\GitHub\Game-Platform\Game Platform\x64\Debug\link.11536-rc.read.1.tlog
C:\Users\Jeff\Documents\GitHub\Game-Platform\Game Platform\x64\Debug\link.11536-rc.write.1.tlog
C:\Users\Jeff\Documents\GitHub\Game-Platform\Game Platform\x64\Debug\link.11536.read.1.tlog
C:\Users\Jeff\Documents\GitHub\Game-Platform\Game Platform\x64\Debug\link.11536.read.2.tlog
C:\Users\Jeff\Documents\GitHub\Game-Platform\Game Platform\x64\Debug\link.11536.write.1.tlog
C:\Users\Jeff\Documents\GitHub\Game-Platform\Game Platform\x64\Debug\link.12884-cvtres.read.1.tlog
C:\Users\Jeff\Documents\GitHub\Game-Platform\Game Platform\x64\Debug\link.12884-cvtres.write.1.tlog
C:\Users\Jeff\Documents\GitHub\Game-Platform\Game Platform\x64\Debug\link.12884-rc.read.1.tlog
C:\Users\Jeff\Documents\GitHub\Game-Platform\Game Platform\x64\Debug\link.12884-rc.write.1.tlog
C:\Users\Jeff\Documents\GitHub\Game-Platform\Game Platform\x64\Debug\link.12884.read.1.tlog
C:\Users\Jeff\Documents\GitHub\Game-Platform\Game Platform\x64\Debug\link.12884.read.2.tlog
C:\Users\Jeff\Documents\GitHub\Game-Platform\Game Platform\x64\Debug\link.12884.write.1.tlog
C:\Users\Jeff\Documents\GitHub\Game-Platform\Game Platform\x64\Debug\link.16724-cvtres.read.1.tlog
C:\Users\Jeff\Documents\GitHub\Game-Platform\Game Platform\x64\Debug\link.16724-cvtres.write.1.tlog
C:\Users\Jeff\Documents\GitHub\Game-Platform\Game Platform\x64\Debug\link.16724-rc.read.1.tlog
C:\Users\Jeff\Documents\GitHub\Game-Platform\Game Platform\x64\Debug\link.16724-rc.write.1.tlog
C:\Users\Jeff\Documents\GitHub\Game-Platform\Game Platform\x64\Debug\link.16724.read.1.tlog
C:\Users\Jeff\Documents\GitHub\Game-Platform\Game Platform\x64\Debug\link.16724.read.2.tlog
C:\Users\Jeff\Documents\GitHub\Game-Platform\Game Platform\x64\Debug\link.16724.write.1.tlog
C:\Users\Jeff\Documents\GitHub\Game-Platform\Game Platform\x64\Debug\link.18104-cvtres.read.1.tlog
C:\Users\Jeff\Documents\GitHub\Game-Platform\Game Platform\x64\Debug\link.18104-cvtres.write.1.tlog
C:\Users\Jeff\Documents\GitHub\Game-Platform\Game Platform\x64\Debug\link.18104-rc.read.1.tlog
C:\Users\Jeff\Documents\GitHub\Game-Platform\Game Platform\x64\Debug\link.18104-rc.write.1.tlog
C:\Users\Jeff\Documents\GitHub\Game-Platform\Game Platform\x64\Debug\link.18104.read.1.tlog
C:\Users\Jeff\Documents\GitHub\Game-Platform\Game Platform\x64\Debug\link.18104.read.2.tlog
C:\Users\Jeff\Documents\GitHub\Game-Platform\Game Platform\x64\Debug\link.18104.write.1.tlog
C:\Users\Jeff\Documents\GitHub\Game-Platform\Game Platform\x64\Debug\link.251488-cvtres.read.1.tlog
C:\Users\Jeff\Documents\GitHub\Game-Platform\Game Platform\x64\Debug\link.251488-cvtres.write.1.tlog
C:\Users\Jeff\Documents\GitHub\Game-Platform\Game Platform\x64\Debug\link.251488-rc.read.1.tlog
C:\Users\Jeff\Documents\GitHub\Game-Platform\Game Platform\x64\Debug\link.251488-rc.write.1.tlog
C:\Users\Jeff\Documents\GitHub\Game-Platform\Game Platform\x64\Debug\link.251488.read.1.tlog
C:\Users\Jeff\Documents\GitHub\Game-Platform\Game Platform\x64\Debug\link.251488.read.2.tlog
C:\Users\Jeff\Documents\GitHub\Game-Platform\Game Platform\x64\Debug\link.251488.write.1.tlog
C:\Users\Jeff\Documents\GitHub\Game-Platform\Game Platform\x64\Debug\link.258216-cvtres.read.1.tlog
C:\Users\Jeff\Documents\GitHub\Game-Platform\Game Platform\x64\Debug\link.258216-cvtres.write.1.tlog
C:\Users\Jeff\Documents\GitHub\Game-Platform\Game Platform\x64\Debug\link.258216-rc.read.1.tlog
C:\Users\Jeff\Documents\GitHub\Game-Platform\Game Platform\x64\Debug\link.258216-rc.write.1.tlog
C:\Users\Jeff\Documents\GitHub\Game-Platform\Game Platform\x64\Debug\link.258216.read.1.tlog
C:\Users\Jeff\Documents\GitHub\Game-Platform\Game Platform\x64\Debug\link.258216.read.2.tlog
C:\Users\Jeff\Documents\GitHub\Game-Platform\Game Platform\x64\Debug\link.258216.write.1.tlog
C:\Users\Jeff\Documents\GitHub\Game-Platform\Game Platform\x64\Debug\link.259304-cvtres.read.1.tlog
C:\Users\Jeff\Documents\GitHub\Game-Platform\Game Platform\x64\Debug\link.259304-cvtres.write.1.tlog
C:\Users\Jeff\Documents\GitHub\Game-Platform\Game Platform\x64\Debug\link.259304-rc.read.1.tlog
C:\Users\Jeff\Documents\GitHub\Game-Platform\Game Platform\x64\Debug\link.259304-rc.write.1.tlog
C:\Users\Jeff\Documents\GitHub\Game-Platform\Game Platform\x64\Debug\link.259304.read.1.tlog
C:\Users\Jeff\Documents\GitHub\Game-Platform\Game Platform\x64\Debug\link.259304.read.2.tlog
C:\Users\Jeff\Documents\GitHub\Game-Platform\Game Platform\x64\Debug\link.259304.write.1.tlog
C:\Users\Jeff\Documents\GitHub\Game-Platform\Game Platform\x64\Debug\link.260536-cvtres.read.1.tlog
C:\Users\Jeff\Documents\GitHub\Game-Platform\Game Platform\x64\Debug\link.260536-cvtres.write.1.tlog
C:\Users\Jeff\Documents\GitHub\Game-Platform\Game Platform\x64\Debug\link.260536-rc.read.1.tlog
C:\Users\Jeff\Documents\GitHub\Game-Platform\Game Platform\x64\Debug\link.260536-rc.write.1.tlog
C:\Users\Jeff\Documents\GitHub\Game-Platform\Game Platform\x64\Debug\link.260536.read.1.tlog
C:\Users\Jeff\Documents\GitHub\Game-Platform\Game Platform\x64\Debug\link.260536.read.2.tlog
C:\Users\Jeff\Documents\GitHub\Game-Platform\Game Platform\x64\Debug\link.260536.write.1.tlog
C:\Users\Jeff\Documents\GitHub\Game-Platform\Game Platform\x64\Debug\link.260604-cvtres.read.1.tlog
C:\Users\Jeff\Documents\GitHub\Game-Platform\Game Platform\x64\Debug\link.260604-cvtres.write.1.tlog
C:\Users\Jeff\Documents\GitHub\Game-Platform\Game Platform\x64\Debug\link.260604-rc.read.1.tlog
C:\Users\Jeff\Documents\GitHub\Game-Platform\Game Platform\x64\Debug\link.260604-rc.write.1.tlog
C:\Users\Jeff\Documents\GitHub\Game-Platform\Game Platform\x64\Debug\link.260604.read.1.tlog
C:\Users\Jeff\Documents\GitHub\Game-Platform\Game Platform\x64\Debug\link.260604.read.2.tlog
C:\Users\Jeff\Documents\GitHub\Game-Platform\Game Platform\x64\Debug\link.260604.write.1.tlog
C:\Users\Jeff\Documents\GitHub\Game-Platform\Game Platform\x64\Debug\link.262648-cvtres.read.1.tlog
C:\Users\Jeff\Documents\GitHub\Game-Platform\Game Platform\x64\Debug\link.262648-cvtres.write.1.tlog
C:\Users\Jeff\Documents\GitHub\Game-Platform\Game Platform\x64\Debug\link.262648-rc.read.1.tlog
C:\Users\Jeff\Documents\GitHub\Game-Platform\Game Platform\x64\Debug\link.262648-rc.write.1.tlog
C:\Users\Jeff\Documents\GitHub\Game-Platform\Game Platform\x64\Debug\link.262648.read.1.tlog
C:\Users\Jeff\Documents\GitHub\Game-Platform\Game Platform\x64\Debug\link.262648.read.2.tlog
C:\Users\Jeff\Documents\GitHub\Game-Platform\Game Platform\x64\Debug\link.262648.write.1.tlog
C:\Users\Jeff\Documents\GitHub\Game-Platform\Game Platform\x64\Debug\link.263364-cvtres.read.1.tlog
C:\Users\Jeff\Documents\GitHub\Game-Platform\Game Platform\x64\Debug\link.263364-cvtres.write.1.tlog
C:\Users\Jeff\Documents\GitHub\Game-Platform\Game Platform\x64\Debug\link.263364-rc.read.1.tlog
C:\Users\Jeff\Documents\GitHub\Game-Platform\Game Platform\x64\Debug\link.263364-rc.write.1.tlog
C:\Users\Jeff\Documents\GitHub\Game-Platform\Game Platform\x64\Debug\link.263364.read.1.tlog
C:\Users\Jeff\Documents\GitHub\Game-Platform\Game Platform\x64\Debug\link.263364.read.2.tlog
C:\Users\Jeff\Documents\GitHub\Game-Platform\Game Platform\x64\Debug\link.263364.write.1.tlog
C:\Users\Jeff\Documents\GitHub\Game-Platform\Game Platform\x64\Debug\link.263636-cvtres.read.1.tlog
C:\Users\Jeff\Documents\GitHub\Game-Platform\Game Platform\x64\Debug\link.263636-cvtres.write.1.tlog
C:\Users\Jeff\Documents\GitHub\Game-Platform\Game Platform\x64\Debug\link.263636-rc.read.1.tlog
C:\Users\Jeff\Documents\GitHub\Game-Platform\Game Platform\x64\Debug\link.263636-rc.write.1.tlog
C:\Users\Jeff\Documents\GitHub\Game-Platform\Game Platform\x64\Debug\link.263636.read.1.tlog
C:\Users\Jeff\Documents\GitHub\Game-Platform\Game Platform\x64\Debug\link.263636.read.2.tlog
C:\Users\Jeff\Documents\GitHub\Game-Platform\Game Platform\x64\Debug\link.263636.write.1.tlog
C:\Users\Jeff\Documents\GitHub\Game-Platform\Game Platform\x64\Debug\link.264812-cvtres.read.1.tlog
C:\Users\Jeff\Documents\GitHub\Game-Platform\Game Platform\x64\Debug\link.264812-cvtres.write.1.tlog
C:\Users\Jeff\Documents\GitHub\Game-Platform\Game Platform\x64\Debug\link.264812-rc.read.1.tlog
C:\Users\Jeff\Documents\GitHub\Game-Platform\Game Platform\x64\Debug\link.264812-rc.write.1.tlog
C:\Users\Jeff\Documents\GitHub\Game-Platform\Game Platform\x64\Debug\link.264812.read.1.tlog
C:\Users\Jeff\Documents\GitHub\Game-Platform\Game Platform\x64\Debug\link.264812.read.2.tlog
C:\Users\Jeff\Documents\GitHub\Game-Platform\Game Platform\x64\Debug\link.264812.write.1.tlog
C:\Users\Jeff\Documents\GitHub\Game-Platform\Game Platform\x64\Debug\link.265480-cvtres.read.1.tlog
C:\Users\Jeff\Documents\GitHub\Game-Platform\Game Platform\x64\Debug\link.265480-cvtres.write.1.tlog
C:\Users\Jeff\Documents\GitHub\Game-Platform\Game Platform\x64\Debug\link.265480-rc.read.1.tlog
C:\Users\Jeff\Documents\GitHub\Game-Platform\Game Platform\x64\Debug\link.265480-rc.write.1.tlog
C:\Users\Jeff\Documents\GitHub\Game-Platform\Game Platform\x64\Debug\link.265480.read.1.tlog
C:\Users\Jeff\Documents\GitHub\Game-Platform\Game Platform\x64\Debug\link.265480.read.2.tlog
C:\Users\Jeff\Documents\GitHub\Game-Platform\Game Platform\x64\Debug\link.265480.write.1.tlog
C:\Users\Jeff\Documents\GitHub\Game-Platform\Game Platform\x64\Debug\link.270132-cvtres.read.1.tlog
C:\Users\Jeff\Documents\GitHub\Game-Platform\Game Platform\x64\Debug\link.270132-cvtres.write.1.tlog
C:\Users\Jeff\Documents\GitHub\Game-Platform\Game Platform\x64\Debug\link.270132-rc.read.1.tlog
C:\Users\Jeff\Documents\GitHub\Game-Platform\Game Platform\x64\Debug\link.270132-rc.write.1.tlog
C:\Users\Jeff\Documents\GitHub\Game-Platform\Game Platform\x64\Debug\link.270132.read.1.tlog
C:\Users\Jeff\Documents\GitHub\Game-Platform\Game Platform\x64\Debug\link.270132.read.2.tlog
C:\Users\Jeff\Documents\GitHub\Game-Platform\Game Platform\x64\Debug\link.270132.write.1.tlog
C:\Users\Jeff\Documents\GitHub\Game-Platform\Game Platform\x64\Debug\link.270320-cvtres.read.1.tlog
C:\Users\Jeff\Documents\GitHub\Game-Platform\Game Platform\x64\Debug\link.270320-cvtres.write.1.tlog
C:\Users\Jeff\Documents\GitHub\Game-Platform\Game Platform\x64\Debug\link.270320-rc.read.1.tlog
C:\Users\Jeff\Documents\GitHub\Game-Platform\Game Platform\x64\Debug\link.270320-rc.write.1.tlog
C:\Users\Jeff\Documents\GitHub\Game-Platform\Game Platform\x64\Debug\link.270320.read.1.tlog
C:\Users\Jeff\Documents\GitHub\Game-Platform\Game Platform\x64\Debug\link.270320.read.2.tlog
C:\Users\Jeff\Documents\GitHub\Game-Platform\Game Platform\x64\Debug\link.270320.write.1.tlog
C:\Users\Jeff\Documents\GitHub\Game-Platform\Game Platform\x64\Debug\link.270808-cvtres.read.1.tlog
C:\Users\Jeff\Documents\GitHub\Game-Platform\Game Platform\x64\Debug\link.270808-cvtres.write.1.tlog
C:\Users\Jeff\Documents\GitHub\Game-Platform\Game Platform\x64\Debug\link.270808-rc.read.1.tlog
C:\Users\Jeff\Documents\GitHub\Game-Platform\Game Platform\x64\Debug\link.270808-rc.write.1.tlog
C:\Users\Jeff\Documents\GitHub\Game-Platform\Game Platform\x64\Debug\link.270808.read.1.tlog
C:\Users\Jeff\Documents\GitHub\Game-Platform\Game Platform\x64\Debug\link.270808.read.2.tlog
C:\Users\Jeff\Documents\GitHub\Game-Platform\Game Platform\x64\Debug\link.270808.write.1.tlog
C:\Users\Jeff\Documents\GitHub\Game-Platform\Game Platform\x64\Debug\link.273752-cvtres.read.1.tlog
C:\Users\Jeff\Documents\GitHub\Game-Platform\Game Platform\x64\Debug\link.273752-cvtres.write.1.tlog
C:\Users\Jeff\Documents\GitHub\Game-Platform\Game Platform\x64\Debug\link.273752-rc.read.1.tlog
C:\Users\Jeff\Documents\GitHub\Game-Platform\Game Platform\x64\Debug\link.273752-rc.write.1.tlog
C:\Users\Jeff\Documents\GitHub\Game-Platform\Game Platform\x64\Debug\link.273752.read.1.tlog
C:\Users\Jeff\Documents\GitHub\Game-Platform\Game Platform\x64\Debug\link.273752.read.2.tlog
C:\Users\Jeff\Documents\GitHub\Game-Platform\Game Platform\x64\Debug\link.273752.write.1.tlog
C:\Users\Jeff\Documents\GitHub\Game-Platform\Game Platform\x64\Debug\link.276020-cvtres.read.1.tlog
C:\Users\Jeff\Documents\GitHub\Game-Platform\Game Platform\x64\Debug\link.276020-cvtres.write.1.tlog
C:\Users\Jeff\Documents\GitHub\Game-Platform\Game Platform\x64\Debug\link.276020-rc.read.1.tlog
C:\Users\Jeff\Documents\GitHub\Game-Platform\Game Platform\x64\Debug\link.276020-rc.write.1.tlog
C:\Users\Jeff\Documents\GitHub\Game-Platform\Game Platform\x64\Debug\link.276020.read.1.tlog
C:\Users\Jeff\Documents\GitHub\Game-Platform\Game Platform\x64\Debug\link.276020.read.2.tlog
C:\Users\Jeff\Documents\GitHub\Game-Platform\Game Platform\x64\Debug\link.276020.write.1.tlog
C:\Users\Jeff\Documents\GitHub\Game-Platform\Game Platform\x64\Debug\link.276544-cvtres.read.1.tlog
C:\Users\Jeff\Documents\GitHub\Game-Platform\Game Platform\x64\Debug\link.276544-cvtres.write.1.tlog
C:\Users\Jeff\Documents\GitHub\Game-Platform\Game Platform\x64\Debug\link.276544-rc.read.1.tlog
C:\Users\Jeff\Documents\GitHub\Game-Platform\Game Platform\x64\Debug\link.276544-rc.write.1.tlog
C:\Users\Jeff\Documents\GitHub\Game-Platform\Game Platform\x64\Debug\link.276544.read.1.tlog
C:\Users\Jeff\Documents\GitHub\Game-Platform\Game Platform\x64\Debug\link.276544.read.2.tlog
C:\Users\Jeff\Documents\GitHub\Game-Platform\Game Platform\x64\Debug\link.276544.write.1.tlog
C:\Users\Jeff\Documents\GitHub\Game-Platform\Game Platform\x64\Debug\link.277280-cvtres.read.1.tlog
C:\Users\Jeff\Documents\GitHub\Game-Platform\Game Platform\x64\Debug\link.277280-cvtres.write.1.tlog
C:\Users\Jeff\Documents\GitHub\Game-Platform\Game Platform\x64\Debug\link.277280-rc.read.1.tlog
C:\Users\Jeff\Documents\GitHub\Game-Platform\Game Platform\x64\Debug\link.277280-rc.write.1.tlog
C:\Users\Jeff\Documents\GitHub\Game-Platform\Game Platform\x64\Debug\link.277280.read.1.tlog
C:\Users\Jeff\Documents\GitHub\Game-Platform\Game Platform\x64\Debug\link.277280.read.2.tlog
C:\Users\Jeff\Documents\GitHub\Game-Platform\Game Platform\x64\Debug\link.277280.write.1.tlog
C:\Users\Jeff\Documents\GitHub\Game-Platform\Game Platform\x64\Debug\link.32532-cvtres.read.1.tlog
C:\Users\Jeff\Documents\GitHub\Game-Platform\Game Platform\x64\Debug\link.32532-cvtres.write.1.tlog
C:\Users\Jeff\Documents\GitHub\Game-Platform\Game Platform\x64\Debug\link.32532-rc.read.1.tlog
C:\Users\Jeff\Documents\GitHub\Game-Platform\Game Platform\x64\Debug\link.32532-rc.write.1.tlog
C:\Users\Jeff\Documents\GitHub\Game-Platform\Game Platform\x64\Debug\link.32532.read.1.tlog
C:\Users\Jeff\Documents\GitHub\Game-Platform\Game Platform\x64\Debug\link.32532.read.2.tlog
C:\Users\Jeff\Documents\GitHub\Game-Platform\Game Platform\x64\Debug\link.32532.write.1.tlog
C:\Users\Jeff\Documents\GitHub\Game-Platform\Game Platform\x64\Debug\link.35272-cvtres.read.1.tlog
C:\Users\Jeff\Documents\GitHub\Game-Platform\Game Platform\x64\Debug\link.35272-cvtres.write.1.tlog
C:\Users\Jeff\Documents\GitHub\Game-Platform\Game Platform\x64\Debug\link.35272-rc.read.1.tlog
C:\Users\Jeff\Documents\GitHub\Game-Platform\Game Platform\x64\Debug\link.35272-rc.write.1.tlog
C:\Users\Jeff\Documents\GitHub\Game-Platform\Game Platform\x64\Debug\link.35272.read.1.tlog
C:\Users\Jeff\Documents\GitHub\Game-Platform\Game Platform\x64\Debug\link.35272.read.2.tlog
C:\Users\Jeff\Documents\GitHub\Game-Platform\Game Platform\x64\Debug\link.35272.write.1.tlog
C:\Users\Jeff\Documents\GitHub\Game-Platform\Game Platform\x64\Debug\link.35304-cvtres.read.1.tlog
C:\Users\Jeff\Documents\GitHub\Game-Platform\Game Platform\x64\Debug\link.35304-cvtres.write.1.tlog
C:\Users\Jeff\Documents\GitHub\Game-Platform\Game Platform\x64\Debug\link.35304-rc.read.1.tlog
C:\Users\Jeff\Documents\GitHub\Game-Platform\Game Platform\x64\Debug\link.35304-rc.write.1.tlog
C:\Users\Jeff\Documents\GitHub\Game-Platform\Game Platform\x64\Debug\link.35304.read.1.tlog
C:\Users\Jeff\Documents\GitHub\Game-Platform\Game Platform\x64\Debug\link.35304.read.2.tlog
C:\Users\Jeff\Documents\GitHub\Game-Platform\Game Platform\x64\Debug\link.35304.write.1.tlog
C:\Users\Jeff\Documents\GitHub\Game-Platform\Game Platform\x64\Debug\link.36300-cvtres.read.1.tlog
C:\Users\Jeff\Documents\GitHub\Game-Platform\Game Platform\x64\Debug\link.36300-cvtres.write.1.tlog
C:\Users\Jeff\Documents\GitHub\Game-Platform\Game Platform\x64\Debug\link.36300-rc.read.1.tlog
C:\Users\Jeff\Documents\GitHub\Game-Platform\Game Platform\x64\Debug\link.36300-rc.write.1.tlog
C:\Users\Jeff\Documents\GitHub\Game-Platform\Game Platform\x64\Debug\link.36300.read.1.tlog
C:\Users\Jeff\Documents\GitHub\Game-Platform\Game Platform\x64\Debug\link.36300.read.2.tlog
C:\Users\Jeff\Documents\GitHub\Game-Platform\Game Platform\x64\Debug\link.36300.write.1.tlog
C:\Users\Jeff\Documents\GitHub\Game-Platform\Game Platform\x64\Debug\link.36984-cvtres.read.1.tlog
C:\Users\Jeff\Documents\GitHub\Game-Platform\Game Platform\x64\Debug\link.36984-cvtres.write.1.tlog
C:\Users\Jeff\Documents\GitHub\Game-Platform\Game Platform\x64\Debug\link.36984-rc.read.1.tlog
C:\Users\Jeff\Documents\GitHub\Game-Platform\Game Platform\x64\Debug\link.36984-rc.write.1.tlog
C:\Users\Jeff\Documents\GitHub\Game-Platform\Game Platform\x64\Debug\link.36984.read.1.tlog
C:\Users\Jeff\Documents\GitHub\Game-Platform\Game Platform\x64\Debug\link.36984.read.2.tlog
C:\Users\Jeff\Documents\GitHub\Game-Platform\Game Platform\x64\Debug\link.36984.write.1.tlog
C:\Users\Jeff\Documents\GitHub\Game-Platform\Game Platform\x64\Debug\link.38324-cvtres.read.1.tlog
C:\Users\Jeff\Documents\GitHub\Game-Platform\Game Platform\x64\Debug\link.38324-cvtres.write.1.tlog
C:\Users\Jeff\Documents\GitHub\Game-Platform\Game Platform\x64\Debug\link.38324-rc.read.1.tlog
C:\Users\Jeff\Documents\GitHub\Game-Platform\Game Platform\x64\Debug\link.38324-rc.write.1.tlog
C:\Users\Jeff\Documents\GitHub\Game-Platform\Game Platform\x64\Debug\link.38324.read.1.tlog
C:\Users\Jeff\Documents\GitHub\Game-Platform\Game Platform\x64\Debug\link.38324.read.2.tlog
C:\Users\Jeff\Documents\GitHub\Game-Platform\Game Platform\x64\Debug\link.38324.write.1.tlog
C:\Users\Jeff\Documents\GitHub\Game-Platform\Game Platform\x64\Debug\link.40740-cvtres.read.1.tlog
C:\Users\Jeff\Documents\GitHub\Game-Platform\Game Platform\x64\Debug\link.40740-cvtres.write.1.tlog
C:\Users\Jeff\Documents\GitHub\Game-Platform\Game Platform\x64\Debug\link.40740-rc.read.1.tlog
C:\Users\Jeff\Documents\GitHub\Game-Platform\Game Platform\x64\Debug\link.40740-rc.write.1.tlog
C:\Users\Jeff\Documents\GitHub\Game-Platform\Game Platform\x64\Debug\link.40740.read.1.tlog
C:\Users\Jeff\Documents\GitHub\Game-Platform\Game Platform\x64\Debug\link.40740.write.1.tlog
C:\Users\Jeff\Documents\GitHub\Game-Platform\Game Platform\x64\Debug\link.56452-cvtres.read.1.tlog
C:\Users\Jeff\Documents\GitHub\Game-Platform\Game Platform\x64\Debug\link.56452-cvtres.write.1.tlog
C:\Users\Jeff\Documents\GitHub\Game-Platform\Game Platform\x64\Debug\link.56452-rc.read.1.tlog
C:\Users\Jeff\Documents\GitHub\Game-Platform\Game Platform\x64\Debug\link.56452-rc.write.1.tlog
C:\Users\Jeff\Documents\GitHub\Game-Platform\Game Platform\x64\Debug\link.56452.read.1.tlog
C:\Users\Jeff\Documents\GitHub\Game-Platform\Game Platform\x64\Debug\link.56452.read.2.tlog
C:\Users\Jeff\Documents\GitHub\Game-Platform\Game Platform\x64\Debug\link.56452.write.1.tlog
C:\Users\Jeff\Documents\GitHub\Game-Platform\Game Platform\x64\Debug\link.56568-cvtres.read.1.tlog
C:\Users\Jeff\Documents\GitHub\Game-Platform\Game Platform\x64\Debug\link.56568-cvtres.write.1.tlog
C:\Users\Jeff\Documents\GitHub\Game-Platform\Game Platform\x64\Debug\link.56568-rc.read.1.tlog
C:\Users\Jeff\Documents\GitHub\Game-Platform\Game Platform\x64\Debug\link.56568-rc.write.1.tlog
C:\Users\Jeff\Documents\GitHub\Game-Platform\Game Platform\x64\Debug\link.56568.read.1.tlog
C:\Users\Jeff\Documents\GitHub\Game-Platform\Game Platform\x64\Debug\link.56568.read.2.tlog
C:\Users\Jeff\Documents\GitHub\Game-Platform\Game Platform\x64\Debug\link.56568.write.1.tlog
C:\Users\Jeff\Documents\GitHub\Game-Platform\Game Platform\x64\Debug\link.58652-cvtres.read.1.tlog
C:\Users\Jeff\Documents\GitHub\Game-Platform\Game Platform\x64\Debug\link.58652-cvtres.write.1.tlog
C:\Users\Jeff\Documents\GitHub\Game-Platform\Game Platform\x64\Debug\link.58652-rc.read.1.tlog
C:\Users\Jeff\Documents\GitHub\Game-Platform\Game Platform\x64\Debug\link.58652-rc.write.1.tlog
C:\Users\Jeff\Documents\GitHub\Game-Platform\Game Platform\x64\Debug\link.58652.read.1.tlog
C:\Users\Jeff\Documents\GitHub\Game-Platform\Game Platform\x64\Debug\link.58652.read.2.tlog
C:\Users\Jeff\Documents\GitHub\Game-Platform\Game Platform\x64\Debug\link.58652.write.1.tlog
C:\Users\Jeff\Documents\GitHub\Game-Platform\Game Platform\x64\Debug\link.60580-cvtres.read.1.tlog
C:\Users\Jeff\Documents\GitHub\Game-Platform\Game Platform\x64\Debug\link.60580-cvtres.write.1.tlog
C:\Users\Jeff\Documents\GitHub\Game-Platform\Game Platform\x64\Debug\link.60580-rc.read.1.tlog
C:\Users\Jeff\Documents\GitHub\Game-Platform\Game Platform\x64\Debug\link.60580-rc.write.1.tlog
C:\Users\Jeff\Documents\GitHub\Game-Platform\Game Platform\x64\Debug\link.60580.read.1.tlog
C:\Users\Jeff\Documents\GitHub\Game-Platform\Game Platform\x64\Debug\link.60580.read.2.tlog
C:\Users\Jeff\Documents\GitHub\Game-Platform\Game Platform\x64\Debug\link.60580.write.1.tlog
C:\Users\Jeff\Documents\GitHub\Game-Platform\Game Platform\x64\Debug\link.60692-cvtres.read.1.tlog
C:\Users\Jeff\Documents\GitHub\Game-Platform\Game Platform\x64\Debug\link.60692-cvtres.write.1.tlog
C:\Users\Jeff\Documents\GitHub\Game-Platform\Game Platform\x64\Debug\link.60692-rc.read.1.tlog
C:\Users\Jeff\Documents\GitHub\Game-Platform\Game Platform\x64\Debug\link.60692-rc.write.1.tlog
C:\Users\Jeff\Documents\GitHub\Game-Platform\Game Platform\x64\Debug\link.60692.read.1.tlog
C:\Users\Jeff\Documents\GitHub\Game-Platform\Game Platform\x64\Debug\link.60692.read.2.tlog
C:\Users\Jeff\Documents\GitHub\Game-Platform\Game Platform\x64\Debug\link.60692.write.1.tlog
C:\Users\Jeff\Documents\GitHub\Game-Platform\Game Platform\x64\Debug\link.60704-cvtres.read.1.tlog
C:\Users\Jeff\Documents\GitHub\Game-Platform\Game Platform\x64\Debug\link.60704-cvtres.write.1.tlog
C:\Users\Jeff\Documents\GitHub\Game-Platform\Game Platform\x64\Debug\link.60704-rc.read.1.tlog
C:\Users\Jeff\Documents\GitHub\Game-Platform\Game Platform\x64\Debug\link.60704-rc.write.1.tlog
C:\Users\Jeff\Documents\GitHub\Game-Platform\Game Platform\x64\Debug\link.60704.read.1.tlog
C:\Users\Jeff\Documents\GitHub\Game-Platform\Game Platform\x64\Debug\link.60704.read.2.tlog
C:\Users\Jeff\Documents\GitHub\Game-Platform\Game Platform\x64\Debug\link.60704.write.1.tlog
C:\Users\Jeff\Documents\GitHub\Game-Platform\Game Platform\x64\Debug\link.61120-cvtres.read.1.tlog
C:\Users\Jeff\Documents\GitHub\Game-Platform\Game Platform\x64\Debug\link.61120-cvtres.write.1.tlog
C:\Users\Jeff\Documents\GitHub\Game-Platform\Game Platform\x64\Debug\link.61120-rc.read.1.tlog
C:\Users\Jeff\Documents\GitHub\Game-Platform\Game Platform\x64\Debug\link.61120-rc.write.1.tlog
C:\Users\Jeff\Documents\GitHub\Game-Platform\Game Platform\x64\Debug\link.61120.read.1.tlog
C:\Users\Jeff\Documents\GitHub\Game-Platform\Game Platform\x64\Debug\link.61120.read.2.tlog
C:\Users\Jeff\Documents\GitHub\Game-Platform\Game Platform\x64\Debug\link.61120.write.1.tlog
C:\Users\Jeff\Documents\GitHub\Game-Platform\Game Platform\x64\Debug\link.61636-cvtres.read.1.tlog
C:\Users\Jeff\Documents\GitHub\Game-Platform\Game Platform\x64\Debug\link.61636-cvtres.write.1.tlog
C:\Users\Jeff\Documents\GitHub\Game-Platform\Game Platform\x64\Debug\link.61636-rc.read.1.tlog
C:\Users\Jeff\Documents\GitHub\Game-Platform\Game Platform\x64\Debug\link.61636-rc.write.1.tlog
C:\Users\Jeff\Documents\GitHub\Game-Platform\Game Platform\x64\Debug\link.61636.read.1.tlog
C:\Users\Jeff\Documents\GitHub\Game-Platform\Game Platform\x64\Debug\link.61636.read.2.tlog
C:\Users\Jeff\Documents\GitHub\Game-Platform\Game Platform\x64\Debug\link.61636.write.1.tlog
C:\Users\Jeff\Documents\GitHub\Game-Platform\Game Platform\x64\Debug\link.61648-cvtres.read.1.tlog
C:\Users\Jeff\Documents\GitHub\Game-Platform\Game Platform\x64\Debug\link.61648-cvtres.write.1.tlog
C:\Users\Jeff\Documents\GitHub\Game-Platform\Game Platform\x64\Debug\link.61648-rc.read.1.tlog
C:\Users\Jeff\Documents\GitHub\Game-Platform\Game Platform\x64\Debug\link.61648-rc.write.1.tlog
C:\Users\Jeff\Documents\GitHub\Game-Platform\Game Platform\x64\Debug\link.61648.read.1.tlog
C:\Users\Jeff\Documents\GitHub\Game-Platform\Game Platform\x64\Debug\link.61648.read.2.tlog
C:\Users\Jeff\Documents\GitHub\Game-Platform\Game Platform\x64\Debug\link.61648.write.1.tlog
C:\Users\Jeff\Documents\GitHub\Game-Platform\Game Platform\x64\Debug\link.62212-cvtres.read.1.tlog
C:\Users\Jeff\Documents\GitHub\Game-Platform\Game Platform\x64\Debug\link.62212-cvtres.write.1.tlog
C:\Users\Jeff\Documents\GitHub\Game-Platform\Game Platform\x64\Debug\link.62212-rc.read.1.tlog
C:\Users\Jeff\Documents\GitHub\Game-Platform\Game Platform\x64\Debug\link.62212-rc.write.1.tlog
C:\Users\Jeff\Documents\GitHub\Game-Platform\Game Platform\x64\Debug\link.62212.read.1.tlog
C:\Users\Jeff\Documents\GitHub\Game-Platform\Game Platform\x64\Debug\link.62212.read.2.tlog
C:\Users\Jeff\Documents\GitHub\Game-Platform\Game Platform\x64\Debug\link.62212.write.1.tlog
C:\Users\Jeff\Documents\GitHub\Game-Platform\Game Platform\x64\Debug\link.62660-cvtres.read.1.tlog
C:\Users\Jeff\Documents\GitHub\Game-Platform\Game Platform\x64\Debug\link.62660-cvtres.write.1.tlog
C:\Users\Jeff\Documents\GitHub\Game-Platform\Game Platform\x64\Debug\link.62660-rc.read.1.tlog
C:\Users\Jeff\Documents\GitHub\Game-Platform\Game Platform\x64\Debug\link.62660-rc.write.1.tlog
C:\Users\Jeff\Documents\GitHub\Game-Platform\Game Platform\x64\Debug\link.62660.read.1.tlog
C:\Users\Jeff\Documents\GitHub\Game-Platform\Game Platform\x64\Debug\link.62660.read.2.tlog
C:\Users\Jeff\Documents\GitHub\Game-Platform\Game Platform\x64\Debug\link.62660.write.1.tlog
C:\Users\Jeff\Documents\GitHub\Game-Platform\Game Platform\x64\Debug\link.63052-cvtres.read.1.tlog
C:\Users\Jeff\Documents\GitHub\Game-Platform\Game Platform\x64\Debug\link.63052-cvtres.write.1.tlog
C:\Users\Jeff\Documents\GitHub\Game-Platform\Game Platform\x64\Debug\link.63052-rc.read.1.tlog
C:\Users\Jeff\Documents\GitHub\Game-Platform\Game Platform\x64\Debug\link.63052-rc.write.1.tlog
C:\Users\Jeff\Documents\GitHub\Game-Platform\Game Platform\x64\Debug\link.63052.read.1.tlog
C:\Users\Jeff\Documents\GitHub\Game-Platform\Game Platform\x64\Debug\link.63052.read.2.tlog
C:\Users\Jeff\Documents\GitHub\Game-Platform\Game Platform\x64\Debug\link.63052.write.1.tlog
C:\Users\Jeff\Documents\GitHub\Game-Platform\Game Platform\x64\Debug\link.6856-cvtres.read.1.tlog
C:\Users\Jeff\Documents\GitHub\Game-Platform\Game Platform\x64\Debug\link.6856-cvtres.write.1.tlog
C:\Users\Jeff\Documents\GitHub\Game-Platform\Game Platform\x64\Debug\link.6856-rc.read.1.tlog
C:\Users\Jeff\Documents\GitHub\Game-Platform\Game Platform\x64\Debug\link.6856-rc.write.1.tlog
C:\Users\Jeff\Documents\GitHub\Game-Platform\Game Platform\x64\Debug\link.6856.read.1.tlog
C:\Users\Jeff\Documents\GitHub\Game-Platform\Game Platform\x64\Debug\link.6856.read.2.tlog
C:\Users\Jeff\Documents\GitHub\Game-Platform\Game Platform\x64\Debug\link.6856.write.1.tlog
C:\Users\Jeff\Documents\GitHub\Game-Platform\Game Platform\x64\Debug\link.command.1.tlog
C:\Users\Jeff\Documents\GitHub\Game-Platform\Game Platform\x64\Debug\link.read.1.tlog
C:\Users\Jeff\Documents\GitHub\Game-Platform\Game Platform\x64\Debug\link.read.2.tlog
C:\Users\Jeff\Documents\GitHub\Game-Platform\Game Platform\x64\Debug\link.write.1.tlog
C:\Users\Jeff\Documents\GitHub\Game-Platform\Game Platform\x64\Debug\vc110.idb
C:\Users\Jeff\Documents\GitHub\Game-Platform\Game Platform\x64\Debug\vc110.pdb
C:\Users\Jeff\Documents\GitHub\Game-Platform\x64\Debug\Game Platform.pdb
C:\Users\Jeff\Documents\GitHub\Game-Platform\x64\Debug\Game Platform.exe
C:\Users\Jeff\Documents\GitHub\Game-Platform\x64\Debug\Game Platform.ilk
